Loading config file: D:\Documents\My Games\OpenMW/openmw.cfg... done.
Loading config file: ./openmw.cfg... done.
OpenMW version 0.44.0
Revision: ef85b1393a
Using default (English) font encoding.
OSG version: 3.4.1
Loading settings file: ./settings-default.cfg
Adding BSA archive C:\Program Files (x86)\GOG Galaxy\Games\Morrowind\Data Files\Morrowind.bsa
Adding BSA archive C:\Program Files (x86)\GOG Galaxy\Games\Morrowind\Data Files\Tribunal.bsa
Adding BSA archive C:\Program Files (x86)\GOG Galaxy\Games\Morrowind\Data Files\Bloodmoon.bsa
Adding data directory C:\Program Files (x86)\GOG Galaxy\Games\Morrowind\Data Files
Initializing OpenAL...
Opened "OpenAL Soft on Speakers (Realtek(R) Audio)"
  ALC Version: 1.1
  ALC Extensions: ALC_ENUMERATE_ALL_EXT ALC_ENUMERATION_EXT ALC_EXT_CAPTURE ALC_EXT_DEDICATED ALC_EXT_disconnect ALC_EXT_EFX ALC_EXT_thread_local_context ALC_SOFTX_device_clock ALC_SOFT_HRTF ALC_SOFT_loopback ALC_SOFT_pause_device
  Vendor: OpenAL Community
  Renderer: OpenAL Soft
  Version: 1.1 ALSOFT 1.17.2
  Extensions: AL_EXT_ALAW AL_EXT_BFORMAT AL_EXT_DOUBLE AL_EXT_EXPONENT_DISTANCE AL_EXT_FLOAT32 AL_EXT_IMA4 AL_EXT_LINEAR_DISTANCE AL_EXT_MCFORMATS AL_EXT_MULAW AL_EXT_MULAW_BFORMAT AL_EXT_MULAW_MCFORMATS AL_EXT_OFFSET AL_EXT_source_distance_model AL_LOKI_quadriphonic AL_SOFT_block_alignment AL_SOFT_buffer_samples AL_SOFT_buffer_sub_data AL_SOFT_deferred_updates AL_SOFT_direct_channels AL_SOFT_loop_points AL_SOFT_MSADPCM AL_SOFT_source_latency AL_SOFT_source_length
HRTF disabled
Allocated 256 sound sources
Low-pass filter supported
EAX Reverb supported
Enumerated output devices:
  OpenAL Soft on Speakers (Realtek(R) Audio)
  OpenAL Soft on Realtek Digital Output (Realtek(R) Audio)
  OpenAL Soft on LG FULL HD (NVIDIA High Definition Audio)
Loading content file Morrowind.esm
Loading content file Tribunal.esm
Loading content file Bloodmoon.esm
Playing Music/Special/morrowind title.mp3
Quitting peacefully.
